2025-02-03 08:11:56 - HV000001: Hibernate Validator 8.0.1.Final
2025-02-03 08:11:56 - Starting PostgresApplication using Java 21.0.3 with PID 1331 (/Users/sotheara.oeurn/Projects/SpringBoot/sptring-test/postgres/target/classes started by sotheara.oeurn in /Users/sotheara.oeurn/Projects/SpringBoot/sptring-test)
2025-02-03 08:11:56 - The following 1 profile is active: "dev"
2025-02-03 08:11:56 - The Class-Path manifest attribute in /Users/sotheara.oeurn/.m2/repository/org/glassfish/jaxb/jaxb-runtime/2.3.1/jaxb-runtime-2.3.1.jar referenced one or more files that do not exist: file:/Users/sotheara.oeurn/.m2/repository/org/glassfish/jaxb/jaxb-runtime/2.3.1/jaxb-api-2.3.1.jar,file:/Users/sotheara.oeurn/.m2/repository/org/glassfish/jaxb/jaxb-runtime/2.3.1/txw2-2.3.1.jar,file:/Users/sotheara.oeurn/.m2/repository/org/glassfish/jaxb/jaxb-runtime/2.3.1/istack-commons-runtime-3.0.7.jar,file:/Users/sotheara.oeurn/.m2/repository/org/glassfish/jaxb/jaxb-runtime/2.3.1/stax-ex-1.8.jar,file:/Users/sotheara.oeurn/.m2/repository/org/glassfish/jaxb/jaxb-runtime/2.3.1/FastInfoset-1.2.15.jar,file:/Users/sotheara.oeurn/.m2/repository/org/glassfish/jaxb/jaxb-runtime/2.3.1/javax.activation-api-1.2.0.jar
2025-02-03 08:11:56 - Devtools property defaults active! Set 'spring.devtools.add-properties' to 'false' to disable
2025-02-03 08:11:56 - For additional web related logging consider setting the 'logging.level.web' property to 'DEBUG'
2025-02-03 08:11:58 - Bootstrapping Spring Data JPA repositories in DEFAULT mode.
2025-02-03 08:11:58 - Finished Spring Data repository scanning in 174 ms. Found 4 JPA repository interfaces.
2025-02-03 08:11:59 - Tomcat initialized with port 8085 (http)
2025-02-03 08:11:59 - Initializing ProtocolHandler ["http-nio-8085"]
2025-02-03 08:11:59 - Starting service [Tomcat]
2025-02-03 08:11:59 - Starting Servlet engine: [Apache Tomcat/10.1.30]
2025-02-03 08:12:00 - Initializing Spring embedded WebApplicationContext
2025-02-03 08:12:00 - Root WebApplicationContext: initialization completed in 3207 ms
2025-02-03 08:12:00 - HHH000204: Processing PersistenceUnitInfo [name: default]
2025-02-03 08:12:00 - HHH000412: Hibernate ORM core version 6.1.6.Final
2025-02-03 08:12:00 - HHH90000021: Encountered deprecated setting [javax.persistence.sharedCache.mode], use [jakarta.persistence.sharedCache.mode] instead
2025-02-03 08:12:00 - HikariPool-1 - Starting...
2025-02-03 08:12:00 - HikariPool-1 - Added connection org.postgresql.jdbc.PgConnection@20e5768a
2025-02-03 08:12:00 - HikariPool-1 - Start completed.
2025-02-03 08:12:00 - HHH000400: Using dialect: org.hibernate.dialect.PostgreSQLDialect
2025-02-03 08:12:02 - HHH000490: Using JtaPlatform implementation: [org.hibernate.engine.transaction.jta.platform.internal.NoJtaPlatform]
2025-02-03 08:12:02 - Initialized JPA EntityManagerFactory for persistence unit 'default'
2025-02-03 08:12:03 - spring.jpa.open-in-view is enabled by default. Therefore, database queries may be performed during view rendering. Explicitly configure spring.jpa.open-in-view to disable this warning
2025-02-03 08:12:04 - LiveReload server is running on port 35729
2025-02-03 08:12:04 - Starting ProtocolHandler ["http-nio-8085"]
2025-02-03 08:12:04 - Tomcat started on port 8085 (http) with context path '/'
2025-02-03 08:12:04 - Started PostgresApplication in 8.606 seconds (process running for 9.782)
