2025-01-23 13:41:36 - HV000001: Hibernate Validator 8.0.1.Final
2025-01-23 13:41:36 - Starting PostgresApplication using Java 21.0.3 with PID 57789 (/Users/sotheara.oeurn/Projects/SpringBoot/sptring-test/postgres/target/classes started by sotheara.oeurn in /Users/sotheara.oeurn/Projects/SpringBoot/sptring-test)
2025-01-23 13:41:36 - The following 1 profile is active: "prod"
2025-01-23 13:41:37 - The Class-Path manifest attribute in /Users/sotheara.oeurn/.m2/repository/org/glassfish/jaxb/jaxb-runtime/2.3.1/jaxb-runtime-2.3.1.jar referenced one or more files that do not exist: file:/Users/sotheara.oeurn/.m2/repository/org/glassfish/jaxb/jaxb-runtime/2.3.1/jaxb-api-2.3.1.jar,file:/Users/sotheara.oeurn/.m2/repository/org/glassfish/jaxb/jaxb-runtime/2.3.1/txw2-2.3.1.jar,file:/Users/sotheara.oeurn/.m2/repository/org/glassfish/jaxb/jaxb-runtime/2.3.1/istack-commons-runtime-3.0.7.jar,file:/Users/sotheara.oeurn/.m2/repository/org/glassfish/jaxb/jaxb-runtime/2.3.1/stax-ex-1.8.jar,file:/Users/sotheara.oeurn/.m2/repository/org/glassfish/jaxb/jaxb-runtime/2.3.1/FastInfoset-1.2.15.jar,file:/Users/sotheara.oeurn/.m2/repository/org/glassfish/jaxb/jaxb-runtime/2.3.1/javax.activation-api-1.2.0.jar
2025-01-23 13:41:37 - Devtools property defaults active! Set 'spring.devtools.add-properties' to 'false' to disable
2025-01-23 13:41:37 - For additional web related logging consider setting the 'logging.level.web' property to 'DEBUG'
2025-01-23 13:41:38 - Bootstrapping Spring Data JPA repositories in DEFAULT mode.
2025-01-23 13:41:38 - Finished Spring Data repository scanning in 159 ms. Found 4 JPA repository interfaces.
2025-01-23 13:41:40 - Tomcat initialized with port 8085 (https)
2025-01-23 13:41:40 - Initializing ProtocolHandler ["https-jsse-nio-8085"]
2025-01-23 13:41:40 - Starting service [Tomcat]
2025-01-23 13:41:40 - Starting Servlet engine: [Apache Tomcat/10.1.30]
2025-01-23 13:41:40 - Initializing Spring embedded WebApplicationContext
2025-01-23 13:41:40 - Root WebApplicationContext: initialization completed in 3337 ms
2025-01-23 13:41:41 - HHH000204: Processing PersistenceUnitInfo [name: default]
2025-01-23 13:41:41 - HHH000412: Hibernate ORM core version 6.1.6.Final
2025-01-23 13:41:41 - HHH90000021: Encountered deprecated setting [javax.persistence.sharedCache.mode], use [jakarta.persistence.sharedCache.mode] instead
2025-01-23 13:41:41 - HikariPool-1 - Starting...
2025-01-23 13:41:41 - HikariPool-1 - Added connection org.postgresql.jdbc.PgConnection@6673f7b4
2025-01-23 13:41:41 - HikariPool-1 - Start completed.
2025-01-23 13:41:41 - HHH000400: Using dialect: org.hibernate.dialect.PostgreSQLDialect
2025-01-23 13:41:42 - HHH000490: Using JtaPlatform implementation: [org.hibernate.engine.transaction.jta.platform.internal.NoJtaPlatform]
2025-01-23 13:41:42 - Initialized JPA EntityManagerFactory for persistence unit 'default'
2025-01-23 13:41:44 - spring.jpa.open-in-view is enabled by default. Therefore, database queries may be performed during view rendering. Explicitly configure spring.jpa.open-in-view to disable this warning
2025-01-23 13:41:44 - LiveReload server is running on port 35729
2025-01-23 13:41:44 - Starting ProtocolHandler ["https-jsse-nio-8085"]
2025-01-23 13:41:44 - Connector [https-jsse-nio-8085], TLS virtual host [_default_], certificate type [UNDEFINED] configured from keystore [/Users/sotheara.oeurn/.keystore] using alias [tomcat] with trust store [null]
2025-01-23 13:41:44 - Tomcat started on port 8085 (https) with context path '/'
2025-01-23 13:41:44 - Started PostgresApplication in 8.916 seconds (process running for 9.923)
2025-01-23 13:41:52 - Initializing Spring DispatcherServlet 'dispatcherServlet'
2025-01-23 13:41:52 - Initializing Servlet 'dispatcherServlet'
2025-01-23 13:41:52 - Completed initialization in 6 ms
2025-01-23 13:49:11 - Closing JPA EntityManagerFactory for persistence unit 'default'
2025-01-23 13:49:11 - HikariPool-1 - Shutdown initiated...
2025-01-23 13:49:11 - HikariPool-1 - Shutdown completed.
2025-01-23 13:49:19 - HV000001: Hibernate Validator 8.0.1.Final
2025-01-23 13:49:19 - Starting PostgresApplication using Java 21.0.3 with PID 58086 (/Users/sotheara.oeurn/Projects/SpringBoot/sptring-test/postgres/target/classes started by sotheara.oeurn in /Users/sotheara.oeurn/Projects/SpringBoot/sptring-test)
2025-01-23 13:49:19 - The following 1 profile is active: "prod"
2025-01-23 13:49:19 - The Class-Path manifest attribute in /Users/sotheara.oeurn/.m2/repository/org/glassfish/jaxb/jaxb-runtime/2.3.1/jaxb-runtime-2.3.1.jar referenced one or more files that do not exist: file:/Users/sotheara.oeurn/.m2/repository/org/glassfish/jaxb/jaxb-runtime/2.3.1/jaxb-api-2.3.1.jar,file:/Users/sotheara.oeurn/.m2/repository/org/glassfish/jaxb/jaxb-runtime/2.3.1/txw2-2.3.1.jar,file:/Users/sotheara.oeurn/.m2/repository/org/glassfish/jaxb/jaxb-runtime/2.3.1/istack-commons-runtime-3.0.7.jar,file:/Users/sotheara.oeurn/.m2/repository/org/glassfish/jaxb/jaxb-runtime/2.3.1/stax-ex-1.8.jar,file:/Users/sotheara.oeurn/.m2/repository/org/glassfish/jaxb/jaxb-runtime/2.3.1/FastInfoset-1.2.15.jar,file:/Users/sotheara.oeurn/.m2/repository/org/glassfish/jaxb/jaxb-runtime/2.3.1/javax.activation-api-1.2.0.jar
2025-01-23 13:49:19 - Devtools property defaults active! Set 'spring.devtools.add-properties' to 'false' to disable
2025-01-23 13:49:19 - For additional web related logging consider setting the 'logging.level.web' property to 'DEBUG'
2025-01-23 13:49:21 - Bootstrapping Spring Data JPA repositories in DEFAULT mode.
2025-01-23 13:49:21 - Finished Spring Data repository scanning in 163 ms. Found 4 JPA repository interfaces.
2025-01-23 13:49:22 - Tomcat initialized with port 8085 (https)
2025-01-23 13:49:22 - Initializing ProtocolHandler ["https-jsse-nio-8085"]
2025-01-23 13:49:22 - Starting service [Tomcat]
2025-01-23 13:49:22 - Starting Servlet engine: [Apache Tomcat/10.1.30]
2025-01-23 13:49:22 - Initializing Spring embedded WebApplicationContext
2025-01-23 13:49:22 - Root WebApplicationContext: initialization completed in 3433 ms
2025-01-23 13:49:23 - HHH000204: Processing PersistenceUnitInfo [name: default]
2025-01-23 13:49:23 - HHH000412: Hibernate ORM core version 6.1.6.Final
2025-01-23 13:49:23 - HHH90000021: Encountered deprecated setting [javax.persistence.sharedCache.mode], use [jakarta.persistence.sharedCache.mode] instead
2025-01-23 13:49:23 - HikariPool-1 - Starting...
2025-01-23 13:49:23 - HikariPool-1 - Added connection org.postgresql.jdbc.PgConnection@eb2ca85
2025-01-23 13:49:23 - HikariPool-1 - Start completed.
2025-01-23 13:49:23 - HHH000400: Using dialect: org.hibernate.dialect.PostgreSQLDialect
2025-01-23 13:49:25 - HHH000490: Using JtaPlatform implementation: [org.hibernate.engine.transaction.jta.platform.internal.NoJtaPlatform]
2025-01-23 13:49:25 - Initialized JPA EntityManagerFactory for persistence unit 'default'
2025-01-23 13:49:26 - spring.jpa.open-in-view is enabled by default. Therefore, database queries may be performed during view rendering. Explicitly configure spring.jpa.open-in-view to disable this warning
2025-01-23 13:49:27 - LiveReload server is running on port 35729
2025-01-23 13:49:27 - Starting ProtocolHandler ["https-jsse-nio-8085"]
2025-01-23 13:49:27 - Connector [https-jsse-nio-8085], TLS virtual host [_default_], certificate type [UNDEFINED] configured from keystore [/Users/sotheara.oeurn/.keystore] using alias [tomcat] with trust store [null]
2025-01-23 13:49:27 - Tomcat started on port 8085 (https) with context path '/'
2025-01-23 13:49:27 - Started PostgresApplication in 9.53 seconds (process running for 10.391)
2025-01-23 13:49:35 - Initializing Spring DispatcherServlet 'dispatcherServlet'
2025-01-23 13:49:35 - Initializing Servlet 'dispatcherServlet'
2025-01-23 13:49:35 - Completed initialization in 7 ms
2025-01-23 13:59:18 - Closing JPA EntityManagerFactory for persistence unit 'default'
2025-01-23 13:59:18 - HikariPool-1 - Shutdown initiated...
2025-01-23 13:59:18 - HikariPool-1 - Shutdown completed.
2025-01-23 13:59:26 - HV000001: Hibernate Validator 8.0.1.Final
2025-01-23 13:59:26 - Starting PostgresApplication using Java 21.0.3 with PID 58390 (/Users/sotheara.oeurn/Projects/SpringBoot/sptring-test/postgres/target/classes started by sotheara.oeurn in /Users/sotheara.oeurn/Projects/SpringBoot/sptring-test)
2025-01-23 13:59:26 - The following 1 profile is active: "prod"
2025-01-23 13:59:26 - The Class-Path manifest attribute in /Users/sotheara.oeurn/.m2/repository/org/glassfish/jaxb/jaxb-runtime/2.3.1/jaxb-runtime-2.3.1.jar referenced one or more files that do not exist: file:/Users/sotheara.oeurn/.m2/repository/org/glassfish/jaxb/jaxb-runtime/2.3.1/jaxb-api-2.3.1.jar,file:/Users/sotheara.oeurn/.m2/repository/org/glassfish/jaxb/jaxb-runtime/2.3.1/txw2-2.3.1.jar,file:/Users/sotheara.oeurn/.m2/repository/org/glassfish/jaxb/jaxb-runtime/2.3.1/istack-commons-runtime-3.0.7.jar,file:/Users/sotheara.oeurn/.m2/repository/org/glassfish/jaxb/jaxb-runtime/2.3.1/stax-ex-1.8.jar,file:/Users/sotheara.oeurn/.m2/repository/org/glassfish/jaxb/jaxb-runtime/2.3.1/FastInfoset-1.2.15.jar,file:/Users/sotheara.oeurn/.m2/repository/org/glassfish/jaxb/jaxb-runtime/2.3.1/javax.activation-api-1.2.0.jar
2025-01-23 13:59:26 - Devtools property defaults active! Set 'spring.devtools.add-properties' to 'false' to disable
2025-01-23 13:59:26 - For additional web related logging consider setting the 'logging.level.web' property to 'DEBUG'
2025-01-23 13:59:27 - Bootstrapping Spring Data JPA repositories in DEFAULT mode.
2025-01-23 13:59:28 - Finished Spring Data repository scanning in 230 ms. Found 4 JPA repository interfaces.
2025-01-23 13:59:30 - Tomcat initialized with port 8085 (https)
2025-01-23 13:59:30 - Initializing ProtocolHandler ["https-jsse-nio-8085"]
2025-01-23 13:59:30 - Starting service [Tomcat]
2025-01-23 13:59:30 - Starting Servlet engine: [Apache Tomcat/10.1.30]
2025-01-23 13:59:30 - Initializing Spring embedded WebApplicationContext
2025-01-23 13:59:30 - Root WebApplicationContext: initialization completed in 3990 ms
2025-01-23 13:59:30 - HHH000204: Processing PersistenceUnitInfo [name: default]
2025-01-23 13:59:30 - HHH000412: Hibernate ORM core version 6.1.6.Final
2025-01-23 13:59:31 - HHH90000021: Encountered deprecated setting [javax.persistence.sharedCache.mode], use [jakarta.persistence.sharedCache.mode] instead
2025-01-23 13:59:31 - HikariPool-1 - Starting...
2025-01-23 13:59:31 - HikariPool-1 - Added connection org.postgresql.jdbc.PgConnection@2a1dd6a3
2025-01-23 13:59:31 - HikariPool-1 - Start completed.
2025-01-23 13:59:31 - HHH000400: Using dialect: org.hibernate.dialect.PostgreSQLDialect
2025-01-23 13:59:32 - HHH000490: Using JtaPlatform implementation: [org.hibernate.engine.transaction.jta.platform.internal.NoJtaPlatform]
2025-01-23 13:59:32 - Initialized JPA EntityManagerFactory for persistence unit 'default'
2025-01-23 13:59:33 - spring.jpa.open-in-view is enabled by default. Therefore, database queries may be performed during view rendering. Explicitly configure spring.jpa.open-in-view to disable this warning
2025-01-23 13:59:34 - LiveReload server is running on port 35729
2025-01-23 13:59:34 - Starting ProtocolHandler ["https-jsse-nio-8085"]
2025-01-23 13:59:35 - Connector [https-jsse-nio-8085], TLS virtual host [_default_], certificate type [UNDEFINED] configured from keystore [/Users/sotheara.oeurn/.keystore] using alias [tomcat] with trust store [null]
2025-01-23 13:59:35 - Tomcat started on port 8085 (https) with context path '/'
2025-01-23 13:59:35 - Started PostgresApplication in 9.943 seconds (process running for 10.854)
2025-01-23 15:30:40 - HikariPool-1 - Thread starvation or clock leap detected (housekeeper delta=1m8s647ms).
2025-01-23 15:32:05 - HikariPool-1 - Thread starvation or clock leap detected (housekeeper delta=1m24s736ms).
2025-01-23 15:33:52 - HikariPool-1 - Thread starvation or clock leap detected (housekeeper delta=1m16s497ms).
2025-01-23 15:35:29 - HikariPool-1 - Thread starvation or clock leap detected (housekeeper delta=1m7s955ms).
2025-01-23 15:36:39 - HikariPool-1 - Thread starvation or clock leap detected (housekeeper delta=1m9s727ms).
2025-01-23 17:19:50 - Closing JPA EntityManagerFactory for persistence unit 'default'
2025-01-23 17:19:50 - HikariPool-1 - Shutdown initiated...
2025-01-23 17:19:50 - HikariPool-1 - Shutdown completed.
