2025-01-29 02:34:22 - HV000001: Hibernate Validator 8.0.1.Final
2025-01-29 02:34:22 - Starting PostgresApplication v0.0.1 using Java 21 with PID 1 (/app/app.jar started by root in /app)
2025-01-29 02:34:22 - The following 1 profile is active: "prod"
2025-01-29 02:34:23 - Bootstrapping Spring Data JPA repositories in DEFAULT mode.
2025-01-29 02:34:24 - Finished Spring Data repository scanning in 171 ms. Found 4 JPA repository interfaces.
2025-01-29 02:34:25 - Tomcat initialized with port 9012 (https)
2025-01-29 02:34:25 - Initializing ProtocolHandler ["https-jsse-nio-9012"]
2025-01-29 02:34:25 - Starting service [Tomcat]
2025-01-29 02:34:25 - Starting Servlet engine: [Apache Tomcat/10.1.30]
2025-01-29 02:34:25 - Initializing Spring embedded WebApplicationContext
2025-01-29 02:34:25 - Root WebApplicationContext: initialization completed in 2807 ms
2025-01-29 02:34:25 - HHH000204: Processing PersistenceUnitInfo [name: default]
2025-01-29 02:34:25 - HHH000412: Hibernate ORM core version 6.1.6.Final
2025-01-29 02:34:26 - HHH90000021: Encountered deprecated setting [javax.persistence.sharedCache.mode], use [jakarta.persistence.sharedCache.mode] instead
2025-01-29 02:34:26 - HikariPool-1 - Starting...
2025-01-29 02:34:26 - HikariPool-1 - Added connection org.postgresql.jdbc.PgConnection@342a1f84
2025-01-29 02:34:26 - HikariPool-1 - Start completed.
2025-01-29 02:34:26 - HHH000400: Using dialect: org.hibernate.dialect.PostgreSQLDialect
2025-01-29 02:34:27 - HHH000490: Using JtaPlatform implementation: [org.hibernate.engine.transaction.jta.platform.internal.NoJtaPlatform]
2025-01-29 02:34:27 - Initialized JPA EntityManagerFactory for persistence unit 'default'
2025-01-29 02:34:29 - spring.jpa.open-in-view is enabled by default. Therefore, database queries may be performed during view rendering. Explicitly configure spring.jpa.open-in-view to disable this warning
2025-01-29 02:34:30 - Starting ProtocolHandler ["https-jsse-nio-9012"]
2025-01-29 02:34:30 - Connector [https-jsse-nio-9012], TLS virtual host [_default_], certificate type [UNDEFINED] configured from keystore [/root/.keystore] using alias [tomcat] with trust store [null]
2025-01-29 02:34:30 - Tomcat started on port 9012 (https) with context path '/'
2025-01-29 02:34:30 - Started PostgresApplication in 8.601 seconds (process running for 9.432)
2025-01-29 16:01:53 - Closing JPA EntityManagerFactory for persistence unit 'default'
2025-01-29 16:01:53 - HikariPool-1 - Shutdown initiated...
2025-01-29 16:01:53 - HikariPool-1 - Shutdown completed.
